<?xml version="1.0" encoding="UTF-8"?>
<!-- Generated by org.testng.reporters.JUnitXMLReporter -->
<testsuite hostname="ANUPAMAs-MBP" ignored="0" name="Validate Assign Leave" tests="1" failures="1" timestamp="2020-05-15T17:14:28 SGT" time="10.625" errors="0">
  <testcase name="assignLeave" time="9.697" classname="hrapp.validateAssignLeave">
    <failure type="java.lang.AssertionError" message="expected [true] but found [false]">
      <![CDATA[java.lang.AssertionError: expected [true] but found [false]
at hrapp.validateAssignLeave.assignLeave(validateAssignLeave.java:50)
at java.util.ArrayList.forEach(ArrayList.java:1249)
... Removed 31 stack frames]]>
    </failure>
  </testcase> <!-- assignLeave -->
</testsuite> <!-- Validate Assign Leave -->
