<?xml version="1.0" encoding="UTF-8"?>
<!-- Generated by org.testng.reporters.JUnitXMLReporter -->
<testsuite hostname="ANUPAMAs-MBP" ignored="0" name="Validating Dashboard" tests="3" failures="0" timestamp="2020-05-15T16:54:31 SGT" time="57.875" errors="0">
  <testcase name="validateAppDashboard" time="3.048" classname="hrapp.validateDashboard"/>
  <testcase name="AddEntitlement" time="28.489" classname="hrapp.validateDashboard"/>
  <testcase name="AddEntitlement" time="25.876" classname="hrapp.validateDashboard"/>
</testsuite> <!-- Validating Dashboard -->
