<?xml version="1.0" encoding="UTF-8"?>
<!-- Generated by org.testng.reporters.JUnitXMLReporter -->
<testsuite hostname="ANUPAMAs-MBP" ignored="0" name="Validating Dashboard" tests="3" failures="0" timestamp="2020-05-15T17:14:17 SGT" time="57.451" errors="0">
  <testcase name="validateAppDashboard" time="3.052" classname="hrapp.validateDashboard"/>
  <testcase name="AddEntitlement" time="28.32" classname="hrapp.validateDashboard"/>
  <testcase name="AddEntitlement" time="25.621" classname="hrapp.validateDashboard"/>
</testsuite> <!-- Validating Dashboard -->
