<?xml version="1.0" encoding="UTF-8"?>
<testsuite xmlns:xsi="http://www.w3.org/2001/XMLSchema-instance" xsi:noNamespaceSchemaLocation="https://maven.apache.org/surefire/maven-surefire-plugin/xsd/surefire-test-report-3.0.xsd" version="3.0" name="TestSuite" time="24.948" tests="1" errors="0" skipped="0" failures="1">
  <properties>
[...]
</properties>
  <testcase name="feature" classname="cucumberOptions.TestRunner" time="24.348">
    <failure message="org.openqa.selenium.NoSuchElementException: Cannot locate an element using css selector=#welcome&#10;For documentation on this error, please visit: https://www.seleniumhq.org/exceptions/no_such_element.html&#10;Build info: version: &apos;3.141.59&apos;, revision: &apos;e82be7d358&apos;, time: &apos;2018-11-14T08:17:03&apos;&#10;System info: host: &apos;ANUPAMAs-MBP&apos;, ip: &apos;fe80:0:0:0:1c07:7a00:a185:d22b%en0&apos;, os.name: &apos;Mac OS X&apos;, os.arch: &apos;x86_64&apos;, os.version: &apos;10.13.6&apos;, java.version: &apos;13.0.2&apos;&#10;Driver info: driver.version: RemoteWebDriver" type="cucumber.runtime.CucumberException"><![CDATA[cucumber.runtime.CucumberException: 
org.openqa.selenium.NoSuchElementException: Cannot locate an element using css selector=#welcome
For documentation on this error, please visit: https://www.seleniumhq.org/exceptions/no_such_element.html
Build info: version: '3.141.59', revision: 'e82be7d358', time: '2018-11-14T08:17:03'
System info: host: 'ANUPAMAs-MBP', ip: 'fe80:0:0:0:1c07:7a00:a185:d22b%en0', os.name: 'Mac OS X', os.arch: 'x86_64', os.version: '10.13.6', java.version: '13.0.2'
Driver info: driver.version: RemoteWebDriver
Caused by: org.openqa.selenium.NoSuchElementException: 
Cannot locate an element using css selector=#welcome
For documentation on this error, please visit: https://www.seleniumhq.org/exceptions/no_such_element.html
Build info: version: '3.141.59', revision: 'e82be7d358', time: '2018-11-14T08:17:03'
System info: host: 'ANUPAMAs-MBP', ip: 'fe80:0:0:0:1c07:7a00:a185:d22b%en0', os.name: 'Mac OS X', os.arch: 'x86_64', os.version: '10.13.6', java.version: '13.0.2'
Driver info: driver.version: RemoteWebDriver
]]></failure>
    <system-out><![CDATA[0 [main] DEBUG io.github.bonigarcia.wdm.Preferences  - Preference chrome=81 (valid until 2020-05-16 08:35:02)
2 [main] DEBUG io.github.bonigarcia.wdm.Preferences  - Preference chrome81=81.0.4044.138 (valid until 2020-05-16 08:35:02)
2 [main] INFO io.github.bonigarcia.wdm.WebDriverManager  - Using chromedriver 81.0.4044.138 (since Google Chrome 81 is installed in your machine)
12 [main] DEBUG io.github.bonigarcia.wdm.WebDriverManager  - Driver chromedriver 81.0.4044.138 found in cache
14 [main] INFO io.github.bonigarcia.wdm.WebDriverManager  - Exporting webdriver.chrome.driver as /Users/anupamadhir/.m2/repository/webdriver/chromedriver/mac64/81.0.4044.138/chromedriver
9459 [main] DEBUG io.github.bonigarcia.wdm.Preferences  - Preference chrome=81 (valid until 2020-05-16 08:35:02)
9459 [main] DEBUG io.github.bonigarcia.wdm.Preferences  - Preference chrome=81 (valid until 2020-05-16 08:35:02)
9460 [main] DEBUG io.github.bonigarcia.wdm.Preferences  - Preference chrome81=81.0.4044.138 (valid until 2020-05-16 08:35:02)
9460 [main] DEBUG io.github.bonigarcia.wdm.Preferences  - Preference chrome81=81.0.4044.138 (valid until 2020-05-16 08:35:02)
9461 [main] INFO io.github.bonigarcia.wdm.WebDriverManager  - Using chromedriver 81.0.4044.138 (since Google Chrome 81 is installed in your machine)
9461 [main] INFO io.github.bonigarcia.wdm.WebDriverManager  - Using chromedriver 81.0.4044.138 (since Google Chrome 81 is installed in your machine)
9472 [main] DEBUG io.github.bonigarcia.wdm.WebDriverManager  - Driver chromedriver 81.0.4044.138 found in cache
9472 [main] DEBUG io.github.bonigarcia.wdm.WebDriverManager  - Driver chromedriver 81.0.4044.138 found in cache
9472 [main] INFO io.github.bonigarcia.wdm.WebDriverManager  - Exporting webdriver.chrome.driver as /Users/anupamadhir/.m2/repository/webdriver/chromedriver/mac64/81.0.4044.138/chromedriver
9472 [main] INFO io.github.bonigarcia.wdm.WebDriverManager  - Exporting webdriver.chrome.driver as /Users/anupamadhir/.m2/repository/webdriver/chromedriver/mac64/81.0.4044.138/chromedriver
]]></system-out>
    <system-err><![CDATA[Starting ChromeDriver 81.0.4044.138 (8c6c7ba89cc9453625af54f11fd83179e23450fa-refs/branch-heads/4044@{#999}) on port 14360
Only local connections are allowed.
Please protect ports used by ChromeDriver and related test frameworks to prevent access by malicious code.
May 15, 2020 10:01:35 AM org.openqa.selenium.remote.ProtocolHandshake createSession
INFO: Detected dialect: W3C
[1589508097.341][SEVERE]: Timed out receiving message from renderer: 0.100
[1589508097.443][SEVERE]: Timed out receiving message from renderer: 0.100
[1589508097.547][SEVERE]: Timed out receiving message from renderer: 0.100
[1589508097.651][SEVERE]: Timed out receiving message from renderer: 0.100
[1589508097.755][SEVERE]: Timed out receiving message from renderer: 0.100
[1589508097.858][SEVERE]: Timed out receiving message from renderer: 0.100
[1589508097.961][SEVERE]: Timed out receiving message from renderer: 0.100
[1589508098.065][SEVERE]: Timed out receiving message from renderer: 0.100
[1589508098.168][SEVERE]: Timed out receiving message from renderer: 0.100
[1589508098.271][SEVERE]: Timed out receiving message from renderer: 0.100
[1589508098.375][SEVERE]: Timed out receiving message from renderer: 0.100
[1589508098.477][SEVERE]: Timed out receiving message from renderer: 0.100
[1589508098.580][SEVERE]: Timed out receiving message from renderer: 0.100
[1589508098.684][SEVERE]: Timed out receiving message from renderer: 0.100
[1589508098.911][SEVERE]: Timed out receiving message from renderer: 0.100
[1589508099.013][SEVERE]: Timed out receiving message from renderer: 0.100
[1589508099.118][SEVERE]: Timed out receiving message from renderer: 0.100
[1589508099.223][SEVERE]: Timed out receiving message from renderer: 0.100
[1589508099.327][SEVERE]: Timed out receiving message from renderer: 0.100
[1589508099.432][SEVERE]: Timed out receiving message from renderer: 0.100
[1589508099.535][SEVERE]: Timed out receiving message from renderer: 0.100
[1589508100.971][SEVERE]: Timed out receiving message from renderer: 0.100
[1589508101.075][SEVERE]: Timed out receiving message from renderer: 0.100
[1589508101.288][SEVERE]: Timed out receiving message from renderer: 0.100
[1589508101.390][SEVERE]: Timed out receiving message from renderer: 0.100
[1589508101.493][SEVERE]: Timed out receiving message from renderer: 0.100
Starting ChromeDriver 81.0.4044.138 (8c6c7ba89cc9453625af54f11fd83179e23450fa-refs/branch-heads/4044@{#999}) on port 48970
Only local connections are allowed.
Please protect ports used by ChromeDriver and related test frameworks to prevent access by malicious code.
May 15, 2020 10:01:44 AM org.openqa.selenium.remote.ProtocolHandshake createSession
INFO: Detected dialect: W3C
[1589508106.119][SEVERE]: Timed out receiving message from renderer: 0.100
[1589508106.222][SEVERE]: Timed out receiving message from renderer: 0.100
[1589508106.326][SEVERE]: Timed out receiving message from renderer: 0.100
[1589508106.430][SEVERE]: Timed out receiving message from renderer: 0.100
[1589508106.533][SEVERE]: Timed out receiving message from renderer: 0.100
[1589508106.638][SEVERE]: Timed out receiving message from renderer: 0.100
[1589508106.741][SEVERE]: Timed out receiving message from renderer: 0.100
[1589508106.844][SEVERE]: Timed out receiving message from renderer: 0.100
[1589508106.946][SEVERE]: Timed out receiving message from renderer: 0.100
[1589508107.048][SEVERE]: Timed out receiving message from renderer: 0.100
[1589508107.151][SEVERE]: Timed out receiving message from renderer: 0.100
[1589508107.253][SEVERE]: Timed out receiving message from renderer: 0.100
[1589508107.355][SEVERE]: Timed out receiving message from renderer: 0.100
[1589508107.638][SEVERE]: Timed out receiving message from renderer: 0.100
[1589508107.741][SEVERE]: Timed out receiving message from renderer: 0.100
[1589508107.843][SEVERE]: Timed out receiving message from renderer: 0.100
[1589508107.946][SEVERE]: Timed out receiving message from renderer: 0.100
[1589508108.049][SEVERE]: Timed out receiving message from renderer: 0.100
[1589508108.152][SEVERE]: Timed out receiving message from renderer: 0.100
[1589508108.254][SEVERE]: Timed out receiving message from renderer: 0.100
[1589508109.722][SEVERE]: Timed out receiving message from renderer: 0.100
[1589508109.825][SEVERE]: Timed out receiving message from renderer: 0.100
[1589508117.490][SEVERE]: Unable to receive message from renderer
]]></system-err>
  </testcase>
</testsuite>