<?xml version="1.0" encoding="UTF-8"?>
<testng-results skipped="0" failed="0" ignored="0" total="5" passed="5">
  <reporter-output>
  </reporter-output>
  <suite name="Suite" duration-ms="78071" started-at="2020-05-15T16:53:23 SGT" finished-at="2020-05-15T16:54:41 SGT">
    <groups>
    </groups>
    <test name="Validating User Login" duration-ms="9783" started-at="2020-05-15T16:53:23 SGT" finished-at="2020-05-15T16:53:33 SGT">
      <class name="hrapp.HomePage">
        <test-method status="PASS" signature="initialize()[pri:0, instance:hrapp.HomePage@7526515b]" name="initialize" is-config="true" duration-ms="1632" started-at="2020-05-15T16:53:23 SGT" finished-at="2020-05-15T16:53:25 SGT">
          <reporter-output>
          </reporter-output>
        </test-method> <!-- initialize -->
        <test-method status="PASS" signature="basePageNavigation()[pri:0, instance:hrapp.HomePage@7526515b]" name="basePageNavigation" duration-ms="8101" started-at="2020-05-15T16:53:25 SGT" finished-at="2020-05-15T16:53:33 SGT">
          <reporter-output>
          </reporter-output>
        </test-method> <!-- basePageNavigation -->
      </class> <!-- hrapp.HomePage -->
    </test> <!-- Validating User Login -->
    <test name="Validating Dashboard" duration-ms="57875" started-at="2020-05-15T16:53:33 SGT" finished-at="2020-05-15T16:54:31 SGT">
      <class name="hrapp.validateDashboard">
        <test-method status="PASS" signature="validateAppDashboard()[pri:1, instance:hrapp.validateDashboard@74d1dc36]" name="validateAppDashboard" duration-ms="3048" started-at="2020-05-15T16:53:33 SGT" finished-at="2020-05-15T16:53:37 SGT">
          <reporter-output>
          </reporter-output>
        </test-method> <!-- validateAppDashboard -->
        <test-method status="PASS" signature="AddEntitlement(java.lang.String, java.lang.String, java.lang.String, java.lang.String)[pri:2, instance:hrapp.validateDashboard@74d1dc36]" name="AddEntitlement" duration-ms="28489" started-at="2020-05-15T16:53:37 SGT" data-provider="addleave" finished-at="2020-05-15T16:54:05 SGT">
          <params>
            <param index="0">
              <value>
                <![CDATA[Russel]]>
              </value>
            </param>
            <param index="1">
              <value>
                <![CDATA[4]]>
              </value>
            </param>
            <param index="2">
              <value>
                <![CDATA[2020-01-01$$2020-12-31]]>
              </value>
            </param>
            <param index="3">
              <value>
                <![CDATA[20]]>
              </value>
            </param>
          </params>
          <reporter-output>
          </reporter-output>
        </test-method> <!-- AddEntitlement -->
        <test-method status="PASS" signature="AddEntitlement(java.lang.String, java.lang.String, java.lang.String, java.lang.String)[pri:2, instance:hrapp.validateDashboard@74d1dc36]" name="AddEntitlement" duration-ms="25876" started-at="2020-05-15T16:54:05 SGT" data-provider="addleave" finished-at="2020-05-15T16:54:31 SGT">
          <params>
            <param index="0">
              <value>
                <![CDATA[Russel]]>
              </value>
            </param>
            <param index="1">
              <value>
                <![CDATA[3]]>
              </value>
            </param>
            <param index="2">
              <value>
                <![CDATA[2020-01-01$$2020-12-31]]>
              </value>
            </param>
            <param index="3">
              <value>
                <![CDATA[30]]>
              </value>
            </param>
          </params>
          <reporter-output>
          </reporter-output>
        </test-method> <!-- AddEntitlement -->
      </class> <!-- hrapp.validateDashboard -->
    </test> <!-- Validating Dashboard -->
    <test name="Validate Assign Leave" duration-ms="9937" started-at="2020-05-15T16:54:31 SGT" finished-at="2020-05-15T16:54:41 SGT">
      <class name="hrapp.validateAssignLeave">
        <test-method status="PASS" signature="assignLeave()[pri:0, instance:hrapp.validateAssignLeave@6bbe85a8]" name="assignLeave" duration-ms="9857" started-at="2020-05-15T16:54:31 SGT" finished-at="2020-05-15T16:54:41 SGT">
          <reporter-output>
          </reporter-output>
        </test-method> <!-- assignLeave -->
        <test-method status="PASS" signature="tearDown()[pri:0, instance:hrapp.validateAssignLeave@6bbe85a8]" name="tearDown" is-config="true" duration-ms="79" started-at="2020-05-15T16:54:41 SGT" finished-at="2020-05-15T16:54:41 SGT">
          <reporter-output>
          </reporter-output>
        </test-method> <!-- tearDown -->
      </class> <!-- hrapp.validateAssignLeave -->
    </test> <!-- Validate Assign Leave -->
  </suite> <!-- Suite -->
</testng-results>
